#
# There is insufficient memory for the Java Runtime Environment to continue.
# Native memory allocation (mmap) failed to map 266338304 bytes for G1 virtual space
# Possible reasons:
#   The system is out of physical RAM or swap space
#   The process is running with CompressedOops enabled, and the Java Heap may be blocking the growth of the native heap
# Possible solutions:
#   Reduce memory load on the system
#   Increase physical memory or swap space
#   Check if swap backing store is full
#   Decrease Java heap size (-Xmx/-Xms)
#   Decrease number of Java threads
#   Decrease Java thread stack sizes (-Xss)
#   Set larger code cache with -XX:ReservedCodeCacheSize=
#   JVM is running with Zero Based Compressed Oops mode in which the Java heap is
#     placed in the first 32GB address space. The Java Heap base address is the
#     maximum limit for the native heap growth. Please use -XX:HeapBaseMinAddress
#     to set the Java Heap base and to place the Java Heap above 32GB virtual address.
# This output file may be truncated or incomplete.
#
#  Out of Memory Error (os_windows.cpp:3541), pid=5532, tid=5772
#
# JRE version:  (17.0.5+9) (build )
# Java VM: Java HotSpot(TM) 64-Bit Server VM (17.0.5+9-LTS-191, mixed mode, sharing, tiered, compressed oops, compressed class ptrs, g1 gc, windows-amd64)
# No core dump will be written. Minidumps are not enabled by default on client versions of Windows
#

---------------  S U M M A R Y ------------

Command Line: --module-path=C:\Users\Yvan GBAFFONOU\IdeaProjects\openjfx-17.0.8_windows-x64_bin-sdk\javafx-sdk-17.0.8\lib --add-modules=javafx.controls,javafx.fxml -javaagent:C:\Program Files\JetBrains\IntelliJ IDEA Community Edition 2023.1\lib\idea_rt.jar=55879:C:\Program Files\JetBrains\IntelliJ IDEA Community Edition 2023.1\bin -Dfile.encoding=UTF-8 com.rms.AppLauncher

Host: Intel(R) Core(TM) i7-1065G7 CPU @ 1.30GHz, 8 cores, 15G,  Windows 11 , 64 bit Build 22000 (10.0.22000.2124)
Time: Sun Aug 27 02:47:01 2023 São Tomé (heure standard) elapsed time: 0.032754 seconds (0d 0h 0m 0s)

---------------  T H R E A D  ---------------

Current thread (0x000002540b677bd0):  JavaThread "Unknown thread" [_thread_in_vm, id=5772, stack(0x000000fe3a800000,0x000000fe3a900000)]

Stack: [0x000000fe3a800000,0x000000fe3a900000]
Native frames: (J=compiled Java code, j=interpreted, Vv=VM code, C=native code)
V  [jvm.dll+0x672eea]
V  [jvm.dll+0x7d2a04]
V  [jvm.dll+0x7d41ae]
V  [jvm.dll+0x7d4813]
V  [jvm.dll+0x242c15]
V  [jvm.dll+0x66fe09]
V  [jvm.dll+0x664682]
V  [jvm.dll+0x300e8b]
V  [jvm.dll+0x308426]
V  [jvm.dll+0x357ffe]
V  [jvm.dll+0x35822f]
V  [jvm.dll+0x2d80a8]
V  [jvm.dll+0x2d9014]
V  [jvm.dll+0x7a44e1]
V  [jvm.dll+0x365df1]
V  [jvm.dll+0x7838fc]
V  [jvm.dll+0x3e873f]
V  [jvm.dll+0x3ea1e1]
C  [jli.dll+0x527b]
C  [ucrtbase.dll+0x26c0c]
C  [KERNEL32.DLL+0x155a0]
C  [ntdll.dll+0x485b]


---------------  P R O C E S S  ---------------

Threads class SMR info:
_java_thread_list=0x00007ffaaa02a8d8, length=0, elements={
}

Java Threads: ( => current thread )

Other Threads:
  0x000002540b6e18f0 GCTaskThread "GC Thread#0" [stack: 0x000000fe3a900000,0x000000fe3aa00000] [id=23144]
  0x000002540b6f3630 ConcurrentGCThread "G1 Main Marker" [stack: 0x000000fe3aa00000,0x000000fe3ab00000] [id=21996]
  0x000002540b6f47e0 ConcurrentGCThread "G1 Conc#0" [stack: 0x000000fe3ab00000,0x000000fe3ac00000] [id=22292]

[error occurred during error reporting (printing all threads), id 0xc0000005, EXCEPTION_ACCESS_VIOLATION (0xc0000005) at pc=0x00007ffaa9878a97]

VM state: not at safepoint (not fully initialized)

VM Mutex/Monitor currently owned by a thread:  ([mutex/lock_event])
[0x000002540b6727f0] Heap_lock - owner thread: 0x000002540b677bd0

Heap address: 0x0000000703600000, size: 4042 MB, Compressed Oops mode: Zero based, Oop shift amount: 3

CDS archive(s) mapped at: [0x0000000000000000-0x0000000000000000-0x0000000000000000), size 0, SharedBaseAddress: 0x0000000800000000, ArchiveRelocationMode: 0.
Narrow klass base: 0x0000000000000000, Narrow klass shift: 0, Narrow klass range: 0x0

GC Precious Log:
<Empty>

Heap:
 garbage-first heap   total 0K, used 0K [0x0000000703600000, 0x0000000800000000)
  region size 2048K, 0 young (0K), 0 survivors (0K)

[error occurred during error reporting (printing heap information), id 0xc0000005, EXCEPTION_ACCESS_VIOLATION (0xc0000005) at pc=0x00007ffaa9c5c399]

GC Heap History (0 events):
No events

Deoptimization events (0 events):
No events

Classes unloaded (0 events):
No events

Classes redefined (0 events):
No events

Internal exceptions (0 events):
No events

VM Operations (0 events):
No events

Events (1 events):
Event: 0.022 Loaded shared library C:\Program Files\Java\jdk-17.0.5\bin\java.dll


Dynamic libraries:
0x00007ff7d7c10000 - 0x00007ff7d7c20000 	C:\Program Files\Java\jdk-17.0.5\bin\java.exe
0x00007ffad7300000 - 0x00007ffad7509000 	C:\Windows\SYSTEM32\ntdll.dll
0x00007ffad5cc0000 - 0x00007ffad5d7e000 	C:\Windows\System32\KERNEL32.DLL
0x00007ffad4ad0000 - 0x00007ffad4e54000 	C:\Windows\System32\KERNELBASE.dll
0x00007ffad4f80000 - 0x00007ffad5091000 	C:\Windows\System32\ucrtbase.dll
0x00007ffaaa4c0000 - 0x00007ffaaa4da000 	C:\Program Files\Java\jdk-17.0.5\bin\VCRUNTIME140.dll
0x00007ffaaa4e0000 - 0x00007ffaaa4f8000 	C:\Program Files\Java\jdk-17.0.5\bin\jli.dll
0x00007ffad5c10000 - 0x00007ffad5cbf000 	C:\Windows\System32\ADVAPI32.dll
0x00007ffad6ac0000 - 0x00007ffad6b63000 	C:\Windows\System32\msvcrt.dll
0x00007ffad58b0000 - 0x00007ffad594e000 	C:\Windows\System32\sechost.dll
0x00007ffad5ae0000 - 0x00007ffad5c01000 	C:\Windows\System32\RPCRT4.dll
0x00007ffad67a0000 - 0x00007ffad694d000 	C:\Windows\System32\USER32.dll
0x00007ffad50a0000 - 0x00007ffad50c6000 	C:\Windows\System32\win32u.dll
0x00007ffab95d0000 - 0x00007ffab9875000 	C:\Windows\WinSxS\amd64_microsoft.windows.common-controls_6595b64144ccf1df_6.0.22000.120_none_9d947278b86cc467\COMCTL32.dll
0x00007ffad5870000 - 0x00007ffad589a000 	C:\Windows\System32\GDI32.dll
0x00007ffad4e60000 - 0x00007ffad4f7f000 	C:\Windows\System32\gdi32full.dll
0x00007ffad4a30000 - 0x00007ffad4acd000 	C:\Windows\System32\msvcp_win.dll
0x00007ffacc470000 - 0x00007ffacc47a000 	C:\Windows\SYSTEM32\VERSION.dll
0x00007ffad56b0000 - 0x00007ffad56e1000 	C:\Windows\System32\IMM32.DLL
0x00007ffab4e40000 - 0x00007ffab4e4c000 	C:\Program Files\Java\jdk-17.0.5\bin\vcruntime140_1.dll
0x00007ffaaa2f0000 - 0x00007ffaaa37d000 	C:\Program Files\Java\jdk-17.0.5\bin\msvcp140.dll
0x00007ffaa9590000 - 0x00007ffaaa152000 	C:\Program Files\Java\jdk-17.0.5\bin\server\jvm.dll
0x00007ffad6960000 - 0x00007ffad6968000 	C:\Windows\System32\PSAPI.DLL
0x00007ffacc4e0000 - 0x00007ffacc513000 	C:\Windows\SYSTEM32\WINMM.dll
0x00007ffaaf120000 - 0x00007ffaaf129000 	C:\Windows\SYSTEM32\WSOCK32.dll
0x00007ffad7090000 - 0x00007ffad70ff000 	C:\Windows\System32\WS2_32.dll
0x00007ffad37e0000 - 0x00007ffad37f8000 	C:\Windows\SYSTEM32\kernel.appcore.dll
0x00007ffaac810000 - 0x00007ffaac81a000 	C:\Program Files\Java\jdk-17.0.5\bin\jimage.dll
0x00007ffacf180000 - 0x00007ffacf3a1000 	C:\Windows\SYSTEM32\DBGHELP.DLL
0x00007ffab9bc0000 - 0x00007ffab9bf1000 	C:\Windows\SYSTEM32\dbgcore.DLL
0x00007ffad50d0000 - 0x00007ffad514f000 	C:\Windows\System32\bcryptPrimitives.dll
0x00007ffacd710000 - 0x00007ffacd71e000 	C:\Program Files\Java\jdk-17.0.5\bin\instrument.dll
0x00007ffaaa2c0000 - 0x00007ffaaa2e5000 	C:\Program Files\Java\jdk-17.0.5\bin\java.dll

dbghelp: loaded successfully - version: 4.0.5 - missing functions: none
symbol engine: initialized successfully - sym options: 0x614 - pdb path: .;C:\Program Files\Java\jdk-17.0.5\bin;C:\Windows\SYSTEM32;C:\Windows\WinSxS\amd64_microsoft.windows.common-controls_6595b64144ccf1df_6.0.22000.120_none_9d947278b86cc467;C:\Program Files\Java\jdk-17.0.5\bin\server

VM Arguments:
jvm_args: --module-path=C:\Users\Yvan GBAFFONOU\IdeaProjects\openjfx-17.0.8_windows-x64_bin-sdk\javafx-sdk-17.0.8\lib --add-modules=javafx.controls,javafx.fxml -javaagent:C:\Program Files\JetBrains\IntelliJ IDEA Community Edition 2023.1\lib\idea_rt.jar=55879:C:\Program Files\JetBrains\IntelliJ IDEA Community Edition 2023.1\bin -Dfile.encoding=UTF-8 
java_command: com.rms.AppLauncher
java_class_path (initial): C:\Users\Yvan GBAFFONOU\IdeaProjects\Project_Hibernate\target\classes;C:\Users\Yvan GBAFFONOU\.m2\repository\org\hibernate\orm\hibernate-core\6.1.0.Final\hibernate-core-6.1.0.Final.jar;C:\Users\Yvan GBAFFONOU\.m2\repository\jakarta\transaction\jakarta.transaction-api\2.0.0\jakarta.transaction-api-2.0.0.jar;C:\Users\Yvan GBAFFONOU\.m2\repository\org\jboss\logging\jboss-logging\3.4.3.Final\jboss-logging-3.4.3.Final.jar;C:\Users\Yvan GBAFFONOU\.m2\repository\org\hibernate\common\hibernate-commons-annotations\6.0.2.Final\hibernate-commons-annotations-6.0.2.Final.jar;C:\Users\Yvan GBAFFONOU\.m2\repository\org\jboss\jandex\2.4.2.Final\jandex-2.4.2.Final.jar;C:\Users\Yvan GBAFFONOU\.m2\repository\com\fasterxml\classmate\1.5.1\classmate-1.5.1.jar;C:\Users\Yvan GBAFFONOU\.m2\repository\net\bytebuddy\byte-buddy\1.12.9\byte-buddy-1.12.9.jar;C:\Users\Yvan GBAFFONOU\.m2\repository\jakarta\xml\bind\jakarta.xml.bind-api\3.0.1\jakarta.xml.bind-api-3.0.1.jar;C:\Users\Yvan GBAFFONOU\.m2\repository\com\sun\activation\jakarta.activation\2.0.1\jakarta.activation-2.0.1.jar;C:\Users\Yvan GBAFFONOU\.m2\repository\org\glassfish\jaxb\jaxb-runtime\3.0.2\jaxb-runtime-3.0.2.jar;C:\Users\Yvan GBAFFONOU\.m2\repository\org\glassfish\jaxb\jaxb-core\3.0.2\jaxb-core-3.0.2.jar;C:\Users\Yvan GBAFFONOU\.m2\repository\org\glassfish\jaxb\txw2\3.0.2\txw2-3.0.2.jar;C:\Users\Yvan GBAFFONOU\.m2\repository\com\sun\istack\istack-commons-runtime\4.0.1\istack-commons-runtime-4.0.1.jar;C:\Users\Yvan GBAFFONOU\.m2\repository\jakarta\inject\jakarta.inject-api\2.0.0\jakarta.inject-api-2.0.0.jar;C:\Users\Yvan GBAFFONOU\.m2\repository\org\antlr\antlr4-runtime\4.10\antlr4-runtime-4.10.jar;C:\Users\Yvan GBAFFONOU\.m2\repository\com\mysql\mysql-connector-j\8.0.33\mysql-connector-j-8.0.33.jar;C:\Users\Yvan GBAFFONOU\.m2\repository\com\google\protobuf\protobuf-java\3.21.9\protobuf-java-3.21.9.jar;C:\Users\Yvan GBAFFONOU\.m2\repository\javax\persistence\javax.persistence-api\2.2\javax.persistence
Launcher Type: SUN_STANDARD

[Global flags]
     intx CICompilerCount                          = 4                                         {product} {ergonomic}
     uint ConcGCThreads                            = 2                                         {product} {ergonomic}
     uint G1ConcRefinementThreads                  = 8                                         {product} {ergonomic}
   size_t G1HeapRegionSize                         = 2097152                                   {product} {ergonomic}
    uintx GCDrainStackTargetSize                   = 64                                        {product} {ergonomic}
   size_t InitialHeapSize                          = 266338304                                 {product} {ergonomic}
   size_t MarkStackSize                            = 4194304                                   {product} {ergonomic}
   size_t MaxHeapSize                              = 4238344192                                {product} {ergonomic}
   size_t MinHeapDeltaBytes                        = 2097152                                   {product} {ergonomic}
   size_t MinHeapSize                              = 8388608                                   {product} {ergonomic}
    uintx NonNMethodCodeHeapSize                   = 5839372                                {pd product} {ergonomic}
    uintx NonProfiledCodeHeapSize                  = 122909434                              {pd product} {ergonomic}
    uintx ProfiledCodeHeapSize                     = 122909434                              {pd product} {ergonomic}
    uintx ReservedCodeCacheSize                    = 251658240                              {pd product} {ergonomic}
     bool SegmentedCodeCache                       = true                                      {product} {ergonomic}
   size_t SoftMaxHeapSize                          = 4238344192                             {manageable} {ergonomic}
     bool UseCompressedClassPointers               = true                           {product lp64_product} {ergonomic}
     bool UseCompressedOops                        = true                           {product lp64_product} {ergonomic}
     bool UseG1GC                                  = true                                      {product} {ergonomic}
     bool UseLargePagesIndividualAllocation        = false                                  {pd product} {ergonomic}

Logging:
Log output configuration:
 #0: stdout all=warning uptime,level,tags
 #1: stderr all=off uptime,level,tags

Environment Variables:
JAVA_HOME=C:\Program Files\Java\jdk-17.0.5
PATH=C:\Program Files\Java\jdk-17.0.5\bin;C:\Program Files (x86)\VMware\VMware Workstation\bin\;C:\Program Files\Python311\Scripts\;C:\Program Files\Python311\;C:\Program Files\Common Files\Oracle\Java\javapath;C:\Windows\system32;C:\Windows;C:\Windows\System32\Wbem;C:\Windows\System32\WindowsPowerShell\v1.0\;C:\Windows\System32\OpenSSH\;C:\Program Files (x86)\gnupg\bin;C:\Program Files\Microsoft VS Code\bin;C:\Program Files\nodejs\;C:\ProgramData\chocolatey\bin;C:\Program Files (x86)\Yarn\bin\;C:\Program Files\Git\cmd;C:\Gradle\gradle-8.1.1\bin;C:\apache-maven-3.9.2-bin\apache-maven-3.9.2\bin;;C:\Program Files\Docker\Docker\resources\bin;C:\Program Files\Microsoft SQL Server\130\Tools\Binn\;C:\Program Files\dotnet\;C:\Users\Yvan GBAFFONOU\AppData\Local\Microsoft\WindowsApps;C:\Users\Yvan GBAFFONOU\AppData\Roaming\npm;C:\Program Files\JetBrains\IntelliJ IDEA Community Edition 2023.1\bin;;C:\Users\Yvan GBAFFONOU\AppData\Local\Yarn\bin;C:\Gradle\gradle-8.1.1\bin;C:\apache-maven-3.9.2-bin\apache-maven-3.9.2\bin;C:\Program Files\Java\jdk-17.0.5\bin;C:\Tools\apache-maven\bin;C:\Users\Yvan GBAFFONOU\.dotnet\tools
USERNAME=Yvan GBAFFONOU
OS=Windows_NT
PROCESSOR_IDENTIFIER=Intel64 Family 6 Model 126 Stepping 5, GenuineIntel



---------------  S Y S T E M  ---------------

OS:
 Windows 11 , 64 bit Build 22000 (10.0.22000.2124)
OS uptime: 0 days 15:53 hours
Hyper-V role detected

CPU: total 8 (initial active 8) (4 cores per cpu, 2 threads per core) family 6 model 126 stepping 5 microcode 0xb8, cx8, cmov, fxsr, ht, mmx, 3dnowpref, sse, sse2, sse3, ssse3, sse4.1, sse4.2, popcnt, lzcnt, tsc, tscinvbit, avx, avx2, aes, erms, clmul, bmi1, bmi2, adx, avx512f, avx512dq, avx512cd, avx512bw, avx512vl, sha, fma, vzeroupper, avx512_vpopcntdq, avx512_vpclmulqdq, avx512_vaes, avx512_vnni, clflush, clflushopt, avx512_vbmi2, avx512_vbmi, hv

Memory: 4k page, system-wide physical 16161M (2504M free)
TotalPageFile size 21645M (AvailPageFile size 109M)
current process WorkingSet (physical memory assigned to process): 10M, peak: 10M
current process commit charge ("private bytes"): 60M, peak: 314M

vm_info: Java HotSpot(TM) 64-Bit Server VM (17.0.5+9-LTS-191) for windows-amd64 JRE (17.0.5+9-LTS-191), built on Sep 13 2022 17:31:43 by "mach5one" with MS VC++ 16.8 / 16.9 (VS2019)

END.
